<?xml version="1.0" encoding="UTF-8"?>
<!-- Generated by org.testng.reporters.JUnitReportReporter -->
<testsuite hostname="ATMECSINLT-083" failures="0" tests="4" name="com.yatra.testscripts.SignintoBookBus" time="47.331" errors="0" timestamp="16 Sep 2019 06:05:55 GMT" skipped="0">
  <testcase classname="com.yatra.testscripts.SignintoBookBus" name="searching_Bus" time="22.553"/>
  <testcase classname="com.yatra.testscripts.SignintoBookBus" name="selecting_Bus" time="3.680"/>
  <testcase classname="com.yatra.testscripts.SignintoBookBus" name="booking_Bus" time="4.684"/>
  <testcase classname="com.yatra.testscripts.SignintoBookBus" name="signingToBookTicket" time="16.414"/>
</testsuite> <!-- com.yatra.testscripts.SignintoBookBus -->
