<?xml version="1.0" encoding="UTF-8"?>
<!-- Generated by org.testng.reporters.JUnitReportReporter -->
<testsuite hostname="ATMECSINLT-083" failures="0" tests="3" name="com.yatra.testscripts.BookaBus" time="30.375" errors="0" timestamp="16 Sep 2019 06:04:30 GMT" skipped="0">
  <testcase classname="com.yatra.testscripts.BookaBus" name="searching_Bus" time="22.295"/>
  <testcase classname="com.yatra.testscripts.BookaBus" name="selecting_Bus" time="2.742"/>
  <testcase classname="com.yatra.testscripts.BookaBus" name="booking_Bus" time="5.338"/>
</testsuite> <!-- com.yatra.testscripts.BookaBus -->
