<?xml version="1.0" encoding="UTF-8"?>
<!-- Generated by org.testng.reporters.JUnitReportReporter -->
<testsuite hostname="ATMECSINLT-083" failures="0" tests="3" name="com.yatra.testscripts.BookaBus" time="34.329" errors="0" timestamp="18 Sep 2019 11:12:24 GMT" skipped="0">
  <testcase classname="com.yatra.testscripts.BookaBus" name="searching_Bus" time="23.176"/>
  <testcase classname="com.yatra.testscripts.BookaBus" name="selecting_Bus" time="4.203"/>
  <testcase classname="com.yatra.testscripts.BookaBus" name="booking_Bus" time="6.950"/>
</testsuite> <!-- com.yatra.testscripts.BookaBus -->
