<?xml version="1.0" encoding="UTF-8"?>
<!-- Generated by org.testng.reporters.JUnitReportReporter -->
<testsuite hostname="ATMECSINLT-083" failures="0" tests="1" name="com.yatra.testscripts.SearchForBus" time="22.694" errors="0" timestamp="11 Sep 2019 12:15:26 GMT" skipped="0">
  <testcase classname="com.yatra.testscripts.SearchForBus" name="searching_Bus" time="22.694"/>
</testsuite> <!-- com.yatra.testscripts.SearchForBus -->
