<?xml version="1.0" encoding="UTF-8"?>
<!-- Generated by org.testng.reporters.JUnitReportReporter -->
<testsuite hostname="ATMECSINLT-083" failures="0" tests="4" name="com.yatra.testscripts.SignintoBookBus" time="43.348" errors="0" timestamp="11 Sep 2019 13:57:48 GMT" skipped="0">
  <testcase classname="com.yatra.testscripts.SignintoBookBus" name="searching_Bus" time="24.514"/>
  <testcase classname="com.yatra.testscripts.SignintoBookBus" name="selecting_Bus" time="3.196"/>
  <testcase classname="com.yatra.testscripts.SignintoBookBus" name="booking_Bus" time="6.254"/>
  <testcase classname="com.yatra.testscripts.SignintoBookBus" name="signingToBookTicket" time="9.384"/>
</testsuite> <!-- com.yatra.testscripts.SignintoBookBus -->
