<?xml version="1.0" encoding="UTF-8"?>
<!-- Generated by org.testng.reporters.JUnitReportReporter -->
<testsuite hostname="ATMECSINLT-083" failures="0" tests="5" name="com.yatra.testscripts.FillPassengerDetails" time="53.299" errors="0" timestamp="13 Sep 2019 12:15:51 GMT" skipped="0">
  <testcase classname="com.yatra.testscripts.FillPassengerDetails" name="searching_Bus" time="26.450"/>
  <testcase classname="com.yatra.testscripts.FillPassengerDetails" name="selecting_Bus" time="3.652"/>
  <testcase classname="com.yatra.testscripts.FillPassengerDetails" name="booking_Bus" time="9.667"/>
  <testcase classname="com.yatra.testscripts.FillPassengerDetails" name="signingToBookTicket" time="9.816"/>
  <testcase classname="com.yatra.testscripts.FillPassengerDetails" name="fillingTravellerDetails" time="3.714"/>
</testsuite> <!-- com.yatra.testscripts.FillPassengerDetails -->
