<?xml version="1.0" encoding="UTF-8"?>
<!-- Generated by org.testng.reporters.JUnitReportReporter -->
<testsuite hostname="ATMECSINLT-083" failures="0" tests="2" name="com.yatra.testscripts.SelectBus" time="30.411" errors="0" timestamp="12 Sep 2019 05:15:59 GMT" skipped="0">
  <testcase classname="com.yatra.testscripts.SelectBus" name="searching_Bus" time="27.447"/>
  <testcase classname="com.yatra.testscripts.SelectBus" name="selecting_Bus" time="2.964"/>
</testsuite> <!-- com.yatra.testscripts.SelectBus -->
