<?xml version="1.0" encoding="UTF-8"?>
<!-- Generated by org.testng.reporters.JUnitReportReporter -->
<testsuite hostname="ATMECSINLT-083" failures="0" tests="2" name="com.yatra.testscripts.SelectBus" time="26.907" errors="0" timestamp="16 Sep 2019 05:02:38 GMT" skipped="0">
  <testcase classname="com.yatra.testscripts.SelectBus" name="searching_Bus" time="23.426"/>
  <testcase classname="com.yatra.testscripts.SelectBus" name="selecting_Bus" time="3.481"/>
</testsuite> <!-- com.yatra.testscripts.SelectBus -->
