<?xml version="1.0" encoding="UTF-8"?>
<!-- Generated by org.testng.reporters.JUnitReportReporter -->
<testsuite hostname="ATMECSINLT-083" failures="0" tests="5" name="com.yatra.testscripts.FillPassengerDetails" time="62.488" errors="0" timestamp="19 Sep 2019 05:44:36 GMT" skipped="0">
  <testcase classname="com.yatra.testscripts.FillPassengerDetails" name="searching_Bus" time="31.807"/>
  <testcase classname="com.yatra.testscripts.FillPassengerDetails" name="selecting_Bus" time="3.103"/>
  <testcase classname="com.yatra.testscripts.FillPassengerDetails" name="booking_Bus" time="4.884"/>
  <testcase classname="com.yatra.testscripts.FillPassengerDetails" name="signingToBookTicket" time="17.471"/>
  <testcase classname="com.yatra.testscripts.FillPassengerDetails" name="fillingTravellerDetails" time="5.223"/>
</testsuite> <!-- com.yatra.testscripts.FillPassengerDetails -->
