<?xml version="1.0" encoding="UTF-8"?>
<!-- Generated by org.testng.reporters.JUnitReportReporter -->
<testsuite hostname="ATMECSINLT-083" failures="0" tests="2" name="com.yatra.testscripts.SelectBus" time="28.009" errors="0" timestamp="11 Sep 2019 12:37:01 GMT" skipped="0">
  <testcase classname="com.yatra.testscripts.SelectBus" name="searching_Bus" time="25.131"/>
  <testcase classname="com.yatra.testscripts.SelectBus" name="selecting_Bus" time="2.878"/>
</testsuite> <!-- com.yatra.testscripts.SelectBus -->
