<?xml version="1.0" encoding="UTF-8"?>
<!-- Generated by org.testng.reporters.JUnitReportReporter -->
<testsuite hostname="ATMECSINLT-083" failures="0" tests="3" name="com.yatra.testscripts.BookaBus" time="34.381" errors="0" timestamp="12 Sep 2019 05:19:26 GMT" skipped="0">
  <testcase classname="com.yatra.testscripts.BookaBus" name="searching_Bus" time="25.167"/>
  <testcase classname="com.yatra.testscripts.BookaBus" name="selecting_Bus" time="4.328"/>
  <testcase classname="com.yatra.testscripts.BookaBus" name="booking_Bus" time="4.886"/>
</testsuite> <!-- com.yatra.testscripts.BookaBus -->
