<?xml version="1.0" encoding="UTF-8"?>
<!-- Generated by org.testng.reporters.JUnitReportReporter -->
<testsuite hostname="ATMECSINLT-083" failures="0" tests="2" name="com.yatra.testscripts.SampleTestCases" time="17.733" errors="0" timestamp="10 Sep 2019 14:00:46 GMT" skipped="0">
  <testcase classname="com.yatra.testscripts.SampleTestCases" name="initializeBrowser" time="16.407"/>
  <testcase classname="com.yatra.testscripts.SampleTestCases" name="sampletestcases" time="1.326"/>
</testsuite> <!-- com.yatra.testscripts.SampleTestCases -->
