<?xml version="1.0" encoding="UTF-8"?>
<!-- Generated by org.testng.reporters.JUnitReportReporter -->
<testsuite hostname="ATMECSINLT-083" failures="0" tests="4" name="com.yatra.testscripts.SignintoBookBus" time="48.637" errors="0" timestamp="12 Sep 2019 08:44:28 GMT" skipped="0">
  <testcase classname="com.yatra.testscripts.SignintoBookBus" name="searching_Bus" time="26.743"/>
  <testcase classname="com.yatra.testscripts.SignintoBookBus" name="selecting_Bus" time="4.687"/>
  <testcase classname="com.yatra.testscripts.SignintoBookBus" name="booking_Bus" time="5.682"/>
  <testcase classname="com.yatra.testscripts.SignintoBookBus" name="signingToBookTicket" time="11.525"/>
</testsuite> <!-- com.yatra.testscripts.SignintoBookBus -->
