<?xml version="1.0" encoding="UTF-8"?>
<!-- Generated by org.testng.reporters.JUnitReportReporter -->
<testsuite hostname="ATMECSINLT-083" failures="0" tests="1" name="com.yatra.testscripts.SearchForBus" time="24.789" errors="0" timestamp="16 Sep 2019 11:19:04 GMT" skipped="0">
  <testcase classname="com.yatra.testscripts.SearchForBus" name="searching_Bus" time="24.789"/>
</testsuite> <!-- com.yatra.testscripts.SearchForBus -->
