<?xml version="1.0" encoding="UTF-8"?>
<!-- Generated by org.testng.reporters.JUnitReportReporter -->
<testsuite hostname="ATMECSINLT-083" failures="0" tests="5" name="com.yatra.testscripts.FillPassengerDetails" time="54.053" errors="0" timestamp="17 Sep 2019 10:26:31 GMT" skipped="0">
  <testcase classname="com.yatra.testscripts.FillPassengerDetails" name="searching_Bus" time="23.947"/>
  <testcase classname="com.yatra.testscripts.FillPassengerDetails" name="selecting_Bus" time="3.808"/>
  <testcase classname="com.yatra.testscripts.FillPassengerDetails" name="booking_Bus" time="6.087"/>
  <testcase classname="com.yatra.testscripts.FillPassengerDetails" name="signingToBookTicket" time="16.157"/>
  <testcase classname="com.yatra.testscripts.FillPassengerDetails" name="fillingTravellerDetails" time="4.054"/>
</testsuite> <!-- com.yatra.testscripts.FillPassengerDetails -->
