<?xml version="1.0" encoding="UTF-8"?>
<!-- Generated by org.testng.reporters.JUnitReportReporter -->
<testsuite hostname="ATMECSINLT-083" failures="0" tests="5" name="com.yatra.testscripts.FillPassengerDetails" time="52.219" errors="0" timestamp="13 Sep 2019 09:19:40 GMT" skipped="0">
  <testcase classname="com.yatra.testscripts.FillPassengerDetails" name="searching_Bus" time="26.510"/>
  <testcase classname="com.yatra.testscripts.FillPassengerDetails" name="selecting_Bus" time="3.699"/>
  <testcase classname="com.yatra.testscripts.FillPassengerDetails" name="booking_Bus" time="5.974"/>
  <testcase classname="com.yatra.testscripts.FillPassengerDetails" name="signingToBookTicket" time="11.279"/>
  <testcase classname="com.yatra.testscripts.FillPassengerDetails" name="fillingTravellerDetails" time="4.757"/>
</testsuite> <!-- com.yatra.testscripts.FillPassengerDetails -->
