<?xml version="1.0" encoding="UTF-8"?>
<!-- Generated by org.testng.reporters.JUnitReportReporter -->
<testsuite hostname="ATMECSINLT-083" failures="0" tests="5" name="com.yatra.testscripts.FillPassengerDetails" time="61.241" errors="0" timestamp="16 Sep 2019 06:16:13 GMT" skipped="0">
  <testcase classname="com.yatra.testscripts.FillPassengerDetails" name="searching_Bus" time="25.384"/>
  <testcase classname="com.yatra.testscripts.FillPassengerDetails" name="selecting_Bus" time="5.057"/>
  <testcase classname="com.yatra.testscripts.FillPassengerDetails" name="booking_Bus" time="7.376"/>
  <testcase classname="com.yatra.testscripts.FillPassengerDetails" name="signingToBookTicket" time="18.626"/>
  <testcase classname="com.yatra.testscripts.FillPassengerDetails" name="fillingTravellerDetails" time="4.798"/>
</testsuite> <!-- com.yatra.testscripts.FillPassengerDetails -->
